0 info it worked if it ends with ok
1 verbose cli [ '/usr/local/Cellar/node@6/6.10.3_1/bin/node',
1 verbose cli   '/usr/local/bin/npm',
1 verbose cli   'run',
1 verbose cli   'build:serve' ]
2 info using npm@3.10.10
3 info using node@v6.10.3
4 verbose run-script [ 'prebuild:serve', 'build:serve', 'postbuild:serve' ]
5 info lifecycle growingdata@1.0.0~prebuild:serve: growingdata@1.0.0
6 silly lifecycle growingdata@1.0.0~prebuild:serve: no script for prebuild:serve, continuing
7 info lifecycle growingdata@1.0.0~build:serve: growingdata@1.0.0
8 verbose lifecycle growingdata@1.0.0~build:serve: unsafe-perm in lifecycle true
9 verbose lifecycle growingdata@1.0.0~build:serve: PATH: /usr/local/lib/node_modules/npm/bin/node-gyp-bin:/Users/frankface/Documents/Projects/GrowingData/node_modules/.bin:/usr/local/Cellar/node@6/6.10.3_1/bin:/usr/local/opt/node@6/bin:/Users/frankface/.yarn/bin:/Users/frankface/.npm-packages/bin:/Users/frankface/.yarn/bin:/Library/Frameworks/Python.framework/Versions/3.6/bin:/Users/frankface/.npm-packages/bin:/usr/local/bin:/usr/bin:/bin:/usr/sbin:/sbin:/opt/X11/bin:/usr/local/Caskroom/android-sdk/25.2.3/tools:/usr/local/Caskroom/android-sdk/25.2.3/platform-tools
10 verbose lifecycle growingdata@1.0.0~build:serve: CWD: /Users/frankface/Documents/Projects/GrowingData
11 silly lifecycle growingdata@1.0.0~build:serve: Args: [ '-c',
11 silly lifecycle   'webpack --env production && NODE_ENV=production node server.js' ]
12 silly lifecycle growingdata@1.0.0~build:serve: Returned: code: 1  signal: null
13 info lifecycle growingdata@1.0.0~build:serve: Failed to exec build:serve script
14 verbose stack Error: growingdata@1.0.0 build:serve: `webpack --env production && NODE_ENV=production node server.js`
14 verbose stack Exit status 1
14 verbose stack     at EventEmitter.<anonymous> (/usr/local/lib/node_modules/npm/lib/utils/lifecycle.js:255:16)
14 verbose stack     at emitTwo (events.js:106:13)
14 verbose stack     at EventEmitter.emit (events.js:191:7)
14 verbose stack     at ChildProcess.<anonymous> (/usr/local/lib/node_modules/npm/lib/utils/spawn.js:40:14)
14 verbose stack     at emitTwo (events.js:106:13)
14 verbose stack     at ChildProcess.emit (events.js:191:7)
14 verbose stack     at maybeClose (internal/child_process.js:886:16)
14 verbose stack     at Process.ChildProcess._handle.onexit (internal/child_process.js:226:5)
15 verbose pkgid growingdata@1.0.0
16 verbose cwd /Users/frankface/Documents/Projects/GrowingData
17 error Darwin 16.7.0
18 error argv "/usr/local/Cellar/node@6/6.10.3_1/bin/node" "/usr/local/bin/npm" "run" "build:serve"
19 error node v6.10.3
20 error npm  v3.10.10
21 error code ELIFECYCLE
22 error growingdata@1.0.0 build:serve: `webpack --env production && NODE_ENV=production node server.js`
22 error Exit status 1
23 error Failed at the growingdata@1.0.0 build:serve script 'webpack --env production && NODE_ENV=production node server.js'.
23 error Make sure you have the latest version of node.js and npm installed.
23 error If you do, this is most likely a problem with the growingdata package,
23 error not with npm itself.
23 error Tell the author that this fails on your system:
23 error     webpack --env production && NODE_ENV=production node server.js
23 error You can get information on how to open an issue for this project with:
23 error     npm bugs growingdata
23 error Or if that isn't available, you can get their info via:
23 error     npm owner ls growingdata
23 error There is likely additional logging output above.
24 verbose exit [ 1, true ]
